<?xml version="1.0" encoding="UTF-8"?>
<testsuite name="com.exercicios.jogobixo.core.usecase.ConsultaResultadoUseCaseTest" tests="2" skipped="0" failures="0" errors="0" timestamp="2023-03-13T02:01:56" hostname="lnb035161cps" time="0.04">
  <properties/>
  <testcase name="deveConsutarResultadoPorDiaNaoRetornarResultados()" classname="com.exercicios.jogobixo.core.usecase.ConsultaResultadoUseCaseTest" time="0.035"/>
  <testcase name="deveConsultarResultadoPorDiaQuandoExistirMaisDeUmResultadoDisponivel()" classname="com.exercicios.jogobixo.core.usecase.ConsultaResultadoUseCaseTest" time="0.004"/>
  <system-out><![CDATA[]]></system-out>
  <system-err><![CDATA[]]></system-err>
</testsuite>
