<?xml version="1.0" encoding="UTF-8"?>
<testsuite name="com.exercicios.jogobixo.infraestrutura.proxy.FonteDadosRestTest" tests="4" skipped="0" failures="0" errors="0" timestamp="2023-03-13T02:02:03" hostname="lnb035161cps" time="0.151">
  <properties/>
  <testcase name="deveConsultarPorHorarioEObterApenasDoisResultadosValidos()" classname="com.exercicios.jogobixo.infraestrutura.proxy.FonteDadosRestTest" time="0.098"/>
  <testcase name="deveConsultarPorHorarioEObterTodosOsResultadosValidosExcetoOUltimo()" classname="com.exercicios.jogobixo.infraestrutura.proxy.FonteDadosRestTest" time="0.021"/>
  <testcase name="deveConsultarPorHorarioENaoObterRetorno()" classname="com.exercicios.jogobixo.infraestrutura.proxy.FonteDadosRestTest" time="0.015"/>
  <testcase name="deveConsultarPorHorariosERetornarResultadoValido()" classname="com.exercicios.jogobixo.infraestrutura.proxy.FonteDadosRestTest" time="0.013"/>
  <system-out><![CDATA[]]></system-out>
  <system-err><![CDATA[]]></system-err>
</testsuite>
