<?xml version="1.0" encoding="UTF-8"?>
<testsuite name="com.exercicios.jogobixo.infraestrutura.proxy.FonteDadosRestTest" tests="1" skipped="0" failures="0" errors="0" timestamp="2023-01-27T21:27:03" hostname="lnb035161cps" time="0.082">
  <properties/>
  <testcase name="deveConsultarPorHorarioEObterTodosOsResultadosValidosExcetoOUltimo()" classname="com.exercicios.jogobixo.infraestrutura.proxy.FonteDadosRestTest" time="0.082"/>
  <system-out><![CDATA[]]></system-out>
  <system-err><![CDATA[]]></system-err>
</testsuite>
