<?xml version="1.0" encoding="UTF-8"?>
<testsuite name="com.exercicios.jogobixo.webapi.ResultadoDiaControllerTest" tests="4" skipped="0" failures="0" errors="0" timestamp="2023-03-13T02:02:04" hostname="lnb035161cps" time="0.165">
  <properties/>
  <testcase name="deveRetornarNullQuandoNaoForEncontradoResultadosNaDataDesejada()" classname="com.exercicios.jogobixo.webapi.ResultadoDiaControllerTest" time="0.069"/>
  <testcase name="naoDeveImportarResultadosQuandoOcorrerErro()" classname="com.exercicios.jogobixo.webapi.ResultadoDiaControllerTest" time="0.057"/>
  <testcase name="deveConsultarResultadosComSucesso()" classname="com.exercicios.jogobixo.webapi.ResultadoDiaControllerTest" time="0.019"/>
  <testcase name="deveImportarResultadosComSucesso()" classname="com.exercicios.jogobixo.webapi.ResultadoDiaControllerTest" time="0.014"/>
  <system-out><![CDATA[2023-03-12T23:02:04.094-03:00  INFO 117900 --- [    Test worker] t.c.s.AnnotationConfigContextLoaderUtils : Could not detect default configuration classes for test class [com.exercicios.jogobixo.webapi.ResultadoDiaControllerTest]: ResultadoDiaControllerTest does not declare any static, non-private, non-final, nested classes annotated with @Configuration.
2023-03-12T23:02:04.114-03:00  INFO 117900 --- [    Test worker] .b.t.c.SpringBootTestContextBootstrapper : Found @SpringBootConfiguration com.exercicios.jogobixo.JogoBixoApplication for test class com.exercicios.jogobixo.webapi.ResultadoDiaControllerTest

  .   ____          _            __ _ _
 /\\ / ___'_ __ _ _(_)_ __  __ _ \ \ \ \
( ( )\___ | '_ | '_| | '_ \/ _` | \ \ \ \
 \\/  ___)| |_)| | | | | || (_| |  ) ) ) )
  '  |____| .__|_| |_|_| |_\__, | / / / /
 =========|_|==============|___/=/_/_/_/
 :: Spring Boot ::                (v3.0.2)

2023-03-12T23:02:04.151-03:00  INFO 117900 --- [    Test worker] c.e.j.webapi.ResultadoDiaControllerTest  : Starting ResultadoDiaControllerTest using Java 17 with PID 117900 (started by CIANDT\leiki in /home/leiki/Workspace/jogobixoapi)
2023-03-12T23:02:04.151-03:00  INFO 117900 --- [    Test worker] c.e.j.webapi.ResultadoDiaControllerTest  : No active profile set, falling back to 1 default profile: "default"
2023-03-12T23:02:04.541-03:00  INFO 117900 --- [    Test worker] o.s.b.t.m.w.SpringBootMockServletContext : Initializing Spring TestDispatcherServlet ''
2023-03-12T23:02:04.541-03:00  INFO 117900 --- [    Test worker] o.s.t.web.servlet.TestDispatcherServlet  : Initializing Servlet ''
2023-03-12T23:02:04.544-03:00  INFO 117900 --- [    Test worker] o.s.t.web.servlet.TestDispatcherServlet  : Completed initialization in 1 ms
2023-03-12T23:02:04.552-03:00  INFO 117900 --- [    Test worker] c.e.j.webapi.ResultadoDiaControllerTest  : Started ResultadoDiaControllerTest in 0.435 seconds (process running for 8.68)
]]></system-out>
  <system-err><![CDATA[]]></system-err>
</testsuite>
