<?xml version="1.0" encoding="UTF-8"?>
<testsuite name="com.exercicios.jogobixo.infraestrutura.proxy.FonteDadosRestTest" tests="4" skipped="0" failures="0" errors="0" timestamp="2023-03-14T15:03:13" hostname="lnb035161cps" time="0.268">
  <properties/>
  <testcase name="deveConsultarTodosHorariosExcetoUltimo()" classname="com.exercicios.jogobixo.infraestrutura.proxy.FonteDadosRestTest" time="0.201"/>
  <testcase name="deveManterOrdemResultadosAposConsecutivasConsultas()" classname="com.exercicios.jogobixo.infraestrutura.proxy.FonteDadosRestTest" time="0.032"/>
  <testcase name="deveConsultarPorHorarioENaoObterRetorno()" classname="com.exercicios.jogobixo.infraestrutura.proxy.FonteDadosRestTest" time="0.013"/>
  <testcase name="deveConsultarPorHorariosERetornarResultadoValido()" classname="com.exercicios.jogobixo.infraestrutura.proxy.FonteDadosRestTest" time="0.016"/>
  <system-out><![CDATA[]]></system-out>
  <system-err><![CDATA[]]></system-err>
</testsuite>
