<?xml version="1.0" encoding="UTF-8"?>
<testsuite name="com.exercicios.jogobixo.infraestrutura.database.DbResultadoRepositoryTest" tests="2" skipped="0" failures="0" errors="0" timestamp="2023-03-13T02:02:03" hostname="lnb035161cps" time="0.213">
  <properties/>
  <testcase name="deveConsultarUmResultadoInexistente()" classname="com.exercicios.jogobixo.infraestrutura.database.DbResultadoRepositoryTest" time="0.106"/>
  <testcase name="deveSalvarUmResultadoEConsultarPorData()" classname="com.exercicios.jogobixo.infraestrutura.database.DbResultadoRepositoryTest" time="0.105"/>
  <system-out><![CDATA[23:01:56.952 [Test worker] DEBUG org.springframework.boot.test.context.SpringBootTestContextBootstrapper - Neither @ContextConfiguration nor @ContextHierarchy found for test class [DbResultadoRepositoryTest]: using SpringBootContextLoader
23:01:56.956 [Test worker] DEBUG org.springframework.test.context.support.AbstractContextLoader - Could not detect default resource locations for test class [com.exercicios.jogobixo.infraestrutura.database.DbResultadoRepositoryTest]: no resource found for suffixes {-context.xml, Context.groovy}.
23:01:56.957 [Test worker] INFO org.springframework.test.context.support.AnnotationConfigContextLoaderUtils - Could not detect default configuration classes for test class [com.exercicios.jogobixo.infraestrutura.database.DbResultadoRepositoryTest]: DbResultadoRepositoryTest does not declare any static, non-private, non-final, nested classes annotated with @Configuration.
23:01:56.972 [Test worker] DEBUG org.springframework.boot.test.context.SpringBootTestContextBootstrapper - Using ContextCustomizers for test class [DbResultadoRepositoryTest]: [DisableObservabilityContextCustomizer, PropertyMappingContextCustomizer, Customizer, ExcludeFilterContextCustomizer, DuplicateJsonObjectContextCustomizer, MockitoContextCustomizer, TestRestTemplateContextCustomizer]
23:01:57.023 [Test worker] DEBUG org.springframework.context.annotation.ClassPathScanningCandidateComponentProvider - Identified candidate component class: file [/home/leiki/Workspace/jogobixoapi/build/classes/java/main/com/exercicios/jogobixo/JogoBixoApplication.class]
23:01:57.024 [Test worker] INFO org.springframework.boot.test.context.SpringBootTestContextBootstrapper - Found @SpringBootConfiguration com.exercicios.jogobixo.JogoBixoApplication for test class com.exercicios.jogobixo.infraestrutura.database.DbResultadoRepositoryTest
23:01:57.101 [Test worker] DEBUG org.springframework.boot.test.context.SpringBootTestContextBootstrapper - Using TestExecutionListeners for test class [DbResultadoRepositoryTest]: [ServletTestExecutionListener, DirtiesContextBeforeModesTestExecutionListener, ApplicationEventsTestExecutionListener, MockitoTestExecutionListener, DependencyInjectionTestExecutionListener, DirtiesContextTestExecutionListener, TransactionalTestExecutionListener, SqlScriptsTestExecutionListener, EventPublishingTestExecutionListener, RestDocsTestExecutionListener, MockRestServiceServerResetTestExecutionListener, MockMvcPrintOnlyOnFailureTestExecutionListener, WebDriverTestExecutionListener, MockWebServiceServerTestExecutionListener, ResetMocksTestExecutionListener]
23:01:57.102 [Test worker] DEBUG org.springframework.test.context.support.AbstractDirtiesContextTestExecutionListener - Before test class: class [DbResultadoRepositoryTest], class annotated with @DirtiesContext [false] with mode [null]

  .   ____          _            __ _ _
 /\\ / ___'_ __ _ _(_)_ __  __ _ \ \ \ \
( ( )\___ | '_ | '_| | '_ \/ _` | \ \ \ \
 \\/  ___)| |_)| | | | | || (_| |  ) ) ) )
  '  |____| .__|_| |_|_| |_\__, | / / / /
 =========|_|==============|___/=/_/_/_/
 :: Spring Boot ::                (v3.0.2)

2023-03-12T23:01:57.347-03:00  INFO 117900 --- [    Test worker] c.e.j.i.d.DbResultadoRepositoryTest      : Starting DbResultadoRepositoryTest using Java 17 with PID 117900 (started by CIANDT\leiki in /home/leiki/Workspace/jogobixoapi)
2023-03-12T23:01:57.349-03:00  INFO 117900 --- [    Test worker] c.e.j.i.d.DbResultadoRepositoryTest      : The following 1 profile is active: "test"
2023-03-12T23:01:57.886-03:00  INFO 117900 --- [    Test worker] .s.d.r.c.RepositoryConfigurationDelegate : Bootstrapping Spring Data JPA repositories in DEFAULT mode.
2023-03-12T23:01:57.932-03:00  INFO 117900 --- [    Test worker] .s.d.r.c.RepositoryConfigurationDelegate : Finished Spring Data repository scanning in 40 ms. Found 1 JPA repository interfaces.
2023-03-12T23:01:58.335-03:00  INFO 117900 --- [    Test worker] o.hibernate.jpa.internal.util.LogHelper  : HHH000204: Processing PersistenceUnitInfo [name: default]
2023-03-12T23:01:58.394-03:00  INFO 117900 --- [    Test worker] org.hibernate.Version                    : HHH000412: Hibernate ORM core version 6.2.0.CR1
2023-03-12T23:01:58.397-03:00  INFO 117900 --- [    Test worker] org.hibernate.cfg.Environment            : HHH000406: Using bytecode reflection optimizer
2023-03-12T23:01:58.521-03:00  INFO 117900 --- [    Test worker] o.s.o.j.p.SpringPersistenceUnitInfo      : No LoadTimeWeaver setup: ignoring JPA class transformer
2023-03-12T23:01:58.537-03:00  INFO 117900 --- [    Test worker] com.zaxxer.hikari.HikariDataSource       : HikariPool-1 - Starting...
2023-03-12T23:01:58.673-03:00  INFO 117900 --- [    Test worker] com.zaxxer.hikari.pool.HikariPool        : HikariPool-1 - Added connection conn0: url=jdbc:h2:mem:test user=SA
2023-03-12T23:01:58.674-03:00  INFO 117900 --- [    Test worker] com.zaxxer.hikari.HikariDataSource       : HikariPool-1 - Start completed.
2023-03-12T23:01:58.689-03:00  INFO 117900 --- [    Test worker] SQL dialect                              : HHH000400: Using dialect: org.hibernate.dialect.H2Dialect
2023-03-12T23:01:59.103-03:00  WARN 117900 --- [    Test worker] o.h.p.entity.AbstractEntityPersister     : HHH000502: The [_horarios_resultado_dia_idBackref] property of the [com.exercicios.jogobixo.infraestrutura.database.entities.ResultadoHorarioEntity] entity was modified, but it won't be updated because the property is immutable.
Hibernate: 
    drop table if exists "resultado_dia" cascade 
Hibernate: 
    drop table if exists "resultado_horario" cascade 
Hibernate: 
    create table "resultado_dia" (
        sorteado_em date not null,
        primary key (sorteado_em)
    )
Hibernate: 
    create table "resultado_horario" (
        ordem integer not null,
        resultado_dia_id date not null,
        codigo_horario varchar(255) check (codigo_horario in ('PTM','PT','PTV','FED','COR')),
        id varchar(255) not null,
        resultado varchar(255),
        primary key (id)
    )
Hibernate: 
    alter table if exists "resultado_horario" 
       add constraint FK8wwcwwyvcqecco1q1o5jooboi 
       foreign key (resultado_dia_id) 
       references "resultado_dia"
2023-03-12T23:02:03.118-03:00  INFO 117900 --- [    Test worker] o.h.e.t.j.p.i.JtaPlatformInitiator       : HHH000490: Using JtaPlatform implementation: [org.hibernate.engine.transaction.jta.platform.internal.NoJtaPlatform]
2023-03-12T23:02:03.126-03:00  INFO 117900 --- [    Test worker] j.LocalContainerEntityManagerFactoryBean : Initialized JPA EntityManagerFactory for persistence unit 'default'
2023-03-12T23:02:03.629-03:00  WARN 117900 --- [    Test worker] JpaBaseConfiguration$JpaWebConfiguration : spring.jpa.open-in-view is enabled by default. Therefore, database queries may be performed during view rendering. Explicitly configure spring.jpa.open-in-view to disable this warning
2023-03-12T23:02:03.661-03:00  INFO 117900 --- [    Test worker] c.e.j.i.d.DbResultadoRepositoryTest      : Started DbResultadoRepositoryTest in 6.532 seconds (process running for 7.79)
Hibernate: 
    select
        r1_0.sorteado_em 
    from
        "resultado_dia" r1_0 
    where
        r1_0.sorteado_em=?
Hibernate: 
    select
        r1_0.sorteado_em,
        h1_0.resultado_dia_id,
        h1_0.id,
        h1_0.codigo_horario,
        h1_0.ordem,
        h1_0.resultado 
    from
        "resultado_dia" r1_0 
    left join
        "resultado_horario" h1_0 
            on r1_0.sorteado_em=h1_0.resultado_dia_id 
    where
        r1_0.sorteado_em=?
Hibernate: 
    select
        r1_0.id,
        r1_0.resultado_dia_id,
        r1_0.codigo_horario,
        r1_0.ordem,
        r1_0.resultado 
    from
        "resultado_horario" r1_0 
    where
        r1_0.id=?
Hibernate: 
    select
        r1_0.id,
        r1_0.resultado_dia_id,
        r1_0.codigo_horario,
        r1_0.ordem,
        r1_0.resultado 
    from
        "resultado_horario" r1_0 
    where
        r1_0.id=?
Hibernate: 
    select
        r1_0.id,
        r1_0.resultado_dia_id,
        r1_0.codigo_horario,
        r1_0.ordem,
        r1_0.resultado 
    from
        "resultado_horario" r1_0 
    where
        r1_0.id=?
Hibernate: 
    select
        r1_0.id,
        r1_0.resultado_dia_id,
        r1_0.codigo_horario,
        r1_0.ordem,
        r1_0.resultado 
    from
        "resultado_horario" r1_0 
    where
        r1_0.id=?
Hibernate: 
    select
        r1_0.id,
        r1_0.resultado_dia_id,
        r1_0.codigo_horario,
        r1_0.ordem,
        r1_0.resultado 
    from
        "resultado_horario" r1_0 
    where
        r1_0.id=?
Hibernate: 
    select
        r1_0.id,
        r1_0.resultado_dia_id,
        r1_0.codigo_horario,
        r1_0.ordem,
        r1_0.resultado 
    from
        "resultado_horario" r1_0 
    where
        r1_0.id=?
Hibernate: 
    select
        r1_0.id,
        r1_0.resultado_dia_id,
        r1_0.codigo_horario,
        r1_0.ordem,
        r1_0.resultado 
    from
        "resultado_horario" r1_0 
    where
        r1_0.id=?
Hibernate: 
    select
        r1_0.id,
        r1_0.resultado_dia_id,
        r1_0.codigo_horario,
        r1_0.ordem,
        r1_0.resultado 
    from
        "resultado_horario" r1_0 
    where
        r1_0.id=?
Hibernate: 
    select
        r1_0.id,
        r1_0.resultado_dia_id,
        r1_0.codigo_horario,
        r1_0.ordem,
        r1_0.resultado 
    from
        "resultado_horario" r1_0 
    where
        r1_0.id=?
Hibernate: 
    select
        r1_0.id,
        r1_0.resultado_dia_id,
        r1_0.codigo_horario,
        r1_0.ordem,
        r1_0.resultado 
    from
        "resultado_horario" r1_0 
    where
        r1_0.id=?
Hibernate: 
    select
        r1_0.id,
        r1_0.resultado_dia_id,
        r1_0.codigo_horario,
        r1_0.ordem,
        r1_0.resultado 
    from
        "resultado_horario" r1_0 
    where
        r1_0.id=?
Hibernate: 
    select
        r1_0.id,
        r1_0.resultado_dia_id,
        r1_0.codigo_horario,
        r1_0.ordem,
        r1_0.resultado 
    from
        "resultado_horario" r1_0 
    where
        r1_0.id=?
Hibernate: 
    select
        r1_0.id,
        r1_0.resultado_dia_id,
        r1_0.codigo_horario,
        r1_0.ordem,
        r1_0.resultado 
    from
        "resultado_horario" r1_0 
    where
        r1_0.id=?
Hibernate: 
    select
        r1_0.id,
        r1_0.resultado_dia_id,
        r1_0.codigo_horario,
        r1_0.ordem,
        r1_0.resultado 
    from
        "resultado_horario" r1_0 
    where
        r1_0.id=?
Hibernate: 
    select
        r1_0.id,
        r1_0.resultado_dia_id,
        r1_0.codigo_horario,
        r1_0.ordem,
        r1_0.resultado 
    from
        "resultado_horario" r1_0 
    where
        r1_0.id=?
Hibernate: 
    select
        r1_0.id,
        r1_0.resultado_dia_id,
        r1_0.codigo_horario,
        r1_0.ordem,
        r1_0.resultado 
    from
        "resultado_horario" r1_0 
    where
        r1_0.id=?
Hibernate: 
    select
        r1_0.id,
        r1_0.resultado_dia_id,
        r1_0.codigo_horario,
        r1_0.ordem,
        r1_0.resultado 
    from
        "resultado_horario" r1_0 
    where
        r1_0.id=?
Hibernate: 
    select
        r1_0.id,
        r1_0.resultado_dia_id,
        r1_0.codigo_horario,
        r1_0.ordem,
        r1_0.resultado 
    from
        "resultado_horario" r1_0 
    where
        r1_0.id=?
Hibernate: 
    select
        r1_0.id,
        r1_0.resultado_dia_id,
        r1_0.codigo_horario,
        r1_0.ordem,
        r1_0.resultado 
    from
        "resultado_horario" r1_0 
    where
        r1_0.id=?
Hibernate: 
    select
        r1_0.id,
        r1_0.resultado_dia_id,
        r1_0.codigo_horario,
        r1_0.ordem,
        r1_0.resultado 
    from
        "resultado_horario" r1_0 
    where
        r1_0.id=?
Hibernate: 
    select
        r1_0.id,
        r1_0.resultado_dia_id,
        r1_0.codigo_horario,
        r1_0.ordem,
        r1_0.resultado 
    from
        "resultado_horario" r1_0 
    where
        r1_0.id=?
Hibernate: 
    select
        r1_0.id,
        r1_0.resultado_dia_id,
        r1_0.codigo_horario,
        r1_0.ordem,
        r1_0.resultado 
    from
        "resultado_horario" r1_0 
    where
        r1_0.id=?
Hibernate: 
    select
        r1_0.id,
        r1_0.resultado_dia_id,
        r1_0.codigo_horario,
        r1_0.ordem,
        r1_0.resultado 
    from
        "resultado_horario" r1_0 
    where
        r1_0.id=?
Hibernate: 
    select
        r1_0.id,
        r1_0.resultado_dia_id,
        r1_0.codigo_horario,
        r1_0.ordem,
        r1_0.resultado 
    from
        "resultado_horario" r1_0 
    where
        r1_0.id=?
Hibernate: 
    select
        r1_0.id,
        r1_0.resultado_dia_id,
        r1_0.codigo_horario,
        r1_0.ordem,
        r1_0.resultado 
    from
        "resultado_horario" r1_0 
    where
        r1_0.id=?
Hibernate: 
    select
        r1_0.id,
        r1_0.resultado_dia_id,
        r1_0.codigo_horario,
        r1_0.ordem,
        r1_0.resultado 
    from
        "resultado_horario" r1_0 
    where
        r1_0.id=?
Hibernate: 
    select
        r1_0.id,
        r1_0.resultado_dia_id,
        r1_0.codigo_horario,
        r1_0.ordem,
        r1_0.resultado 
    from
        "resultado_horario" r1_0 
    where
        r1_0.id=?
Hibernate: 
    select
        r1_0.id,
        r1_0.resultado_dia_id,
        r1_0.codigo_horario,
        r1_0.ordem,
        r1_0.resultado 
    from
        "resultado_horario" r1_0 
    where
        r1_0.id=?
Hibernate: 
    select
        r1_0.id,
        r1_0.resultado_dia_id,
        r1_0.codigo_horario,
        r1_0.ordem,
        r1_0.resultado 
    from
        "resultado_horario" r1_0 
    where
        r1_0.id=?
Hibernate: 
    select
        r1_0.id,
        r1_0.resultado_dia_id,
        r1_0.codigo_horario,
        r1_0.ordem,
        r1_0.resultado 
    from
        "resultado_horario" r1_0 
    where
        r1_0.id=?
Hibernate: 
    select
        r1_0.id,
        r1_0.resultado_dia_id,
        r1_0.codigo_horario,
        r1_0.ordem,
        r1_0.resultado 
    from
        "resultado_horario" r1_0 
    where
        r1_0.id=?
Hibernate: 
    select
        r1_0.id,
        r1_0.resultado_dia_id,
        r1_0.codigo_horario,
        r1_0.ordem,
        r1_0.resultado 
    from
        "resultado_horario" r1_0 
    where
        r1_0.id=?
Hibernate: 
    select
        r1_0.id,
        r1_0.resultado_dia_id,
        r1_0.codigo_horario,
        r1_0.ordem,
        r1_0.resultado 
    from
        "resultado_horario" r1_0 
    where
        r1_0.id=?
Hibernate: 
    select
        r1_0.id,
        r1_0.resultado_dia_id,
        r1_0.codigo_horario,
        r1_0.ordem,
        r1_0.resultado 
    from
        "resultado_horario" r1_0 
    where
        r1_0.id=?
Hibernate: 
    select
        r1_0.id,
        r1_0.resultado_dia_id,
        r1_0.codigo_horario,
        r1_0.ordem,
        r1_0.resultado 
    from
        "resultado_horario" r1_0 
    where
        r1_0.id=?
]]></system-out>
  <system-err><![CDATA[]]></system-err>
</testsuite>
