<?xml version="1.0" encoding="UTF-8"?>
<testsuite name="com.exercicios.jogobixo.infraestrutura.database.DbResultadoRepositoryTest" tests="2" skipped="0" failures="0" errors="0" timestamp="2023-01-23T22:25:13" hostname="lnb035161cps" time="0.251">
  <properties/>
  <testcase name="deveConsultarUmResultadoInexistente()" classname="com.exercicios.jogobixo.infraestrutura.database.DbResultadoRepositoryTest" time="0.192"/>
  <testcase name="deveSalvarUmResultadoEConsultarPorData()" classname="com.exercicios.jogobixo.infraestrutura.database.DbResultadoRepositoryTest" time="0.057"/>
  <system-out><![CDATA[19:25:10.851 [Test worker] DEBUG org.springframework.boot.test.context.SpringBootTestContextBootstrapper - Neither @ContextConfiguration nor @ContextHierarchy found for test class [DbResultadoRepositoryTest]: using SpringBootContextLoader
19:25:10.856 [Test worker] DEBUG org.springframework.test.context.support.AbstractContextLoader - Could not detect default resource locations for test class [com.exercicios.jogobixo.infraestrutura.database.DbResultadoRepositoryTest]: no resource found for suffixes {-context.xml, Context.groovy}.
19:25:10.857 [Test worker] INFO org.springframework.test.context.support.AnnotationConfigContextLoaderUtils - Could not detect default configuration classes for test class [com.exercicios.jogobixo.infraestrutura.database.DbResultadoRepositoryTest]: DbResultadoRepositoryTest does not declare any static, non-private, non-final, nested classes annotated with @Configuration.
19:25:10.892 [Test worker] DEBUG org.springframework.boot.test.context.SpringBootTestContextBootstrapper - Using ContextCustomizers for test class [DbResultadoRepositoryTest]: [DisableObservabilityContextCustomizer, PropertyMappingContextCustomizer, Customizer, ExcludeFilterContextCustomizer, DuplicateJsonObjectContextCustomizer, MockitoContextCustomizer, TestRestTemplateContextCustomizer]
19:25:10.981 [Test worker] DEBUG org.springframework.context.annotation.ClassPathScanningCandidateComponentProvider - Identified candidate component class: file [/home/leiki/Workspace/jogobixoapi/build/classes/java/main/com/exercicios/jogobixo/JogoBixoApplication.class]
19:25:10.983 [Test worker] INFO org.springframework.boot.test.context.SpringBootTestContextBootstrapper - Found @SpringBootConfiguration com.exercicios.jogobixo.JogoBixoApplication for test class com.exercicios.jogobixo.infraestrutura.database.DbResultadoRepositoryTest
19:25:11.073 [Test worker] DEBUG org.springframework.boot.test.context.SpringBootTestContextBootstrapper - Using TestExecutionListeners for test class [DbResultadoRepositoryTest]: [ServletTestExecutionListener, DirtiesContextBeforeModesTestExecutionListener, ApplicationEventsTestExecutionListener, MockitoTestExecutionListener, DependencyInjectionTestExecutionListener, DirtiesContextTestExecutionListener, TransactionalTestExecutionListener, SqlScriptsTestExecutionListener, EventPublishingTestExecutionListener, RestDocsTestExecutionListener, MockRestServiceServerResetTestExecutionListener, MockMvcPrintOnlyOnFailureTestExecutionListener, WebDriverTestExecutionListener, MockWebServiceServerTestExecutionListener, ResetMocksTestExecutionListener]
19:25:11.076 [Test worker] DEBUG org.springframework.test.context.support.AbstractDirtiesContextTestExecutionListener - Before test class: class [DbResultadoRepositoryTest], class annotated with @DirtiesContext [false] with mode [null]

  .   ____          _            __ _ _
 /\\ / ___'_ __ _ _(_)_ __  __ _ \ \ \ \
( ( )\___ | '_ | '_| | '_ \/ _` | \ \ \ \
 \\/  ___)| |_)| | | | | || (_| |  ) ) ) )
  '  |____| .__|_| |_|_| |_\__, | / / / /
 =========|_|==============|___/=/_/_/_/
 :: Spring Boot ::                (v3.0.2)

2023-01-23T19:25:11.415-03:00  INFO 150750 --- [    Test worker] c.e.j.i.d.DbResultadoRepositoryTest      : Starting DbResultadoRepositoryTest using Java 17 with PID 150750 (started by CIANDT\leiki in /home/leiki/Workspace/jogobixoapi)
2023-01-23T19:25:11.417-03:00  INFO 150750 --- [    Test worker] c.e.j.i.d.DbResultadoRepositoryTest      : The following 1 profile is active: "test"
2023-01-23T19:25:11.822-03:00  INFO 150750 --- [    Test worker] .s.d.r.c.RepositoryConfigurationDelegate : Bootstrapping Spring Data JPA repositories in DEFAULT mode.
2023-01-23T19:25:11.876-03:00  INFO 150750 --- [    Test worker] .s.d.r.c.RepositoryConfigurationDelegate : Finished Spring Data repository scanning in 41 ms. Found 1 JPA repository interfaces.
2023-01-23T19:25:12.409-03:00  INFO 150750 --- [    Test worker] o.f.c.internal.license.VersionPrinter    : Flyway Community Edition 9.5.1 by Redgate
2023-01-23T19:25:12.409-03:00  INFO 150750 --- [    Test worker] o.f.c.internal.license.VersionPrinter    : See what's new here: https://flywaydb.org/documentation/learnmore/releaseNotes#9.5.1
2023-01-23T19:25:12.409-03:00  INFO 150750 --- [    Test worker] o.f.c.internal.license.VersionPrinter    : 
2023-01-23T19:25:12.415-03:00  INFO 150750 --- [    Test worker] com.zaxxer.hikari.HikariDataSource       : HikariPool-1 - Starting...
2023-01-23T19:25:12.560-03:00  INFO 150750 --- [    Test worker] com.zaxxer.hikari.pool.HikariPool        : HikariPool-1 - Added connection conn0: url=jdbc:h2:mem:mydb user=SA
2023-01-23T19:25:12.561-03:00  INFO 150750 --- [    Test worker] com.zaxxer.hikari.HikariDataSource       : HikariPool-1 - Start completed.
2023-01-23T19:25:12.573-03:00  INFO 150750 --- [    Test worker] o.f.c.i.database.base.BaseDatabaseType   : Database: jdbc:h2:mem:mydb (H2 2.1)
2023-01-23T19:25:12.615-03:00  INFO 150750 --- [    Test worker] o.f.core.internal.command.DbValidate     : Successfully validated 0 migrations (execution time 00:00.004s)
2023-01-23T19:25:12.615-03:00  WARN 150750 --- [    Test worker] o.f.core.internal.command.DbValidate     : No migrations found. Are your locations set up correctly?
2023-01-23T19:25:12.620-03:00  INFO 150750 --- [    Test worker] o.f.c.i.s.JdbcTableSchemaHistory         : Creating Schema History table "PUBLIC"."flyway_schema_history" ...
2023-01-23T19:25:12.644-03:00  INFO 150750 --- [    Test worker] o.f.core.internal.command.DbMigrate      : Current version of schema "PUBLIC": << Empty Schema >>
2023-01-23T19:25:12.645-03:00  INFO 150750 --- [    Test worker] o.f.core.internal.command.DbMigrate      : Schema "PUBLIC" is up to date. No migration necessary.
2023-01-23T19:25:12.736-03:00  INFO 150750 --- [    Test worker] o.hibernate.jpa.internal.util.LogHelper  : HHH000204: Processing PersistenceUnitInfo [name: default]
2023-01-23T19:25:12.773-03:00  INFO 150750 --- [    Test worker] org.hibernate.Version                    : HHH000412: Hibernate ORM core version 6.1.6.Final
2023-01-23T19:25:12.907-03:00  WARN 150750 --- [    Test worker] org.hibernate.orm.deprecation            : HHH90000021: Encountered deprecated setting [javax.persistence.sharedCache.mode], use [jakarta.persistence.sharedCache.mode] instead
2023-01-23T19:25:13.013-03:00  INFO 150750 --- [    Test worker] SQL dialect                              : HHH000400: Using dialect: org.hibernate.dialect.H2Dialect
2023-01-23T19:25:13.616-03:00  INFO 150750 --- [    Test worker] o.h.e.t.j.p.i.JtaPlatformInitiator       : HHH000490: Using JtaPlatform implementation: [org.hibernate.engine.transaction.jta.platform.internal.NoJtaPlatform]
2023-01-23T19:25:13.626-03:00  INFO 150750 --- [    Test worker] j.LocalContainerEntityManagerFactoryBean : Initialized JPA EntityManagerFactory for persistence unit 'default'
2023-01-23T19:25:13.870-03:00  WARN 150750 --- [    Test worker] JpaBaseConfiguration$JpaWebConfiguration : spring.jpa.open-in-view is enabled by default. Therefore, database queries may be performed during view rendering. Explicitly configure spring.jpa.open-in-view to disable this warning
2023-01-23T19:25:13.889-03:00  INFO 150750 --- [    Test worker] c.e.j.i.d.DbResultadoRepositoryTest      : Started DbResultadoRepositoryTest in 2.755 seconds (process running for 3.82)
]]></system-out>
  <system-err><![CDATA[]]></system-err>
</testsuite>
